d:\vc上机实验\八mfc一3\八mfc一3\debug\八mfc一3.pch
d:\vc上机实验\八mfc一3\八mfc一3\debug\vc140.pdb
d:\vc上机实验\八mfc一3\八mfc一3\debug\vc140.idb
d:\vc上机实验\八mfc一3\八mfc一3\debug\stdafx.obj
d:\vc上机实验\八mfc一3\八mfc一3\debug\mainfrm.obj
d:\vc上机实验\八mfc一3\八mfc一3\debug\八mfc一3.obj
d:\vc上机实验\八mfc一3\八mfc一3\debug\八mfc一3doc.obj
d:\vc上机实验\八mfc一3\八mfc一3\debug\八mfc一3view.obj
d:\vc上机实验\八mfc一3\debug\八mfc一3.ilk
d:\vc上机实验\八mfc一3\debug\八mfc一3.exe
d:\vc上机实验\八mfc一3\debug\八mfc一3.pdb
d:\vc上机实验\八mfc一3\八mfc一3\debug\八mfc一3.res
d:\vc上机实验\八mfc一3\八mfc一3\debug\八mfc一3.tlog\cl.command.1.tlog
d:\vc上机实验\八mfc一3\八mfc一3\debug\八mfc一3.tlog\cl.read.1.tlog
d:\vc上机实验\八mfc一3\八mfc一3\debug\八mfc一3.tlog\cl.write.1.tlog
d:\vc上机实验\八mfc一3\八mfc一3\debug\八mfc一3.tlog\link.command.1.tlog
d:\vc上机实验\八mfc一3\八mfc一3\debug\八mfc一3.tlog\link.read.1.tlog
d:\vc上机实验\八mfc一3\八mfc一3\debug\八mfc一3.tlog\link.write.1.tlog
d:\vc上机实验\八mfc一3\八mfc一3\debug\八mfc一3.tlog\rc.command.1.tlog
d:\vc上机实验\八mfc一3\八mfc一3\debug\八mfc一3.tlog\rc.read.1.tlog
d:\vc上机实验\八mfc一3\八mfc一3\debug\八mfc一3.tlog\rc.write.1.tlog
