d:\vc上机实验\0330mfc1\0330mfc1\debug\0330mfc1.pch
d:\vc上机实验\0330mfc1\0330mfc1\debug\vc140.pdb
d:\vc上机实验\0330mfc1\0330mfc1\debug\vc140.idb
d:\vc上机实验\0330mfc1\0330mfc1\debug\stdafx.obj
d:\vc上机实验\0330mfc1\0330mfc1\debug\0330mfc1.obj
d:\vc上机实验\0330mfc1\0330mfc1\debug\0330mfc1doc.obj
d:\vc上机实验\0330mfc1\0330mfc1\debug\0330mfc1view.obj
d:\vc上机实验\0330mfc1\0330mfc1\debug\mainfrm.obj
d:\vc上机实验\0330mfc1\debug\0330mfc1.ilk
d:\vc上机实验\0330mfc1\debug\0330mfc1.exe
d:\vc上机实验\0330mfc1\debug\0330mfc1.pdb
d:\vc上机实验\0330mfc1\0330mfc1\debug\0330mfc1.res
d:\vc上机实验\0330mfc1\0330mfc1\debug\0330mfc1.tlog\cl.command.1.tlog
d:\vc上机实验\0330mfc1\0330mfc1\debug\0330mfc1.tlog\cl.read.1.tlog
d:\vc上机实验\0330mfc1\0330mfc1\debug\0330mfc1.tlog\cl.write.1.tlog
d:\vc上机实验\0330mfc1\0330mfc1\debug\0330mfc1.tlog\link.command.1.tlog
d:\vc上机实验\0330mfc1\0330mfc1\debug\0330mfc1.tlog\link.read.1.tlog
d:\vc上机实验\0330mfc1\0330mfc1\debug\0330mfc1.tlog\link.write.1.tlog
d:\vc上机实验\0330mfc1\0330mfc1\debug\0330mfc1.tlog\rc.command.1.tlog
d:\vc上机实验\0330mfc1\0330mfc1\debug\0330mfc1.tlog\rc.read.1.tlog
d:\vc上机实验\0330mfc1\0330mfc1\debug\0330mfc1.tlog\rc.write.1.tlog
